TN:
SF:src\components\Layout.jsx
FN:24,useIsMobile
FN:27,handler
FN:34,Layout
FN:45,handleResize
FN:57,handleLogout
FN:72,onClick
FN:98,onClick
FN:114,style
FN:157,onMouseEnter
FN:158,onMouseLeave
FN:184,onClick
FN:191,onClick
FN:193,onMouseEnter
FN:194,onMouseLeave
FN:243,onClick
FNF:15
FNH:5
FNDA:15,useIsMobile
FNDA:0,handler
FNDA:15,Layout
FNDA:15,handleResize
FNDA:1,handleLogout
FNDA:0,onClick
FNDA:0,onClick
FNDA:105,style
FNDA:0,onMouseEnter
FNDA:0,onMouseLeave
FNDA:0,onClick
FNDA:0,onClick
FNDA:0,onMouseEnter
FNDA:0,onMouseLeave
FNDA:0,onClick
DA:1,1
DA:2,1
DA:3,1
DA:4,1
DA:5,1
DA:6,1
DA:7,1
DA:8,1
DA:9,1
DA:10,1
DA:11,1
DA:12,1
DA:13,1
DA:14,1
DA:15,1
DA:16,1
DA:17,1
DA:18,1
DA:19,1
DA:20,1
DA:21,1
DA:22,1
DA:23,1
DA:24,15
DA:25,15
DA:26,15
DA:27,15
DA:28,15
DA:29,15
DA:30,15
DA:31,15
DA:32,15
DA:33,1
DA:34,15
DA:35,15
DA:36,15
DA:37,15
DA:38,15
DA:39,15
DA:40,15
DA:41,15
DA:42,15
DA:43,15
DA:44,15
DA:45,15
DA:46,15
DA:47,15
DA:48,15
DA:49,15
DA:50,15
DA:51,15
DA:52,15
DA:53,15
DA:54,15
DA:55,15
DA:56,15
DA:57,15
DA:58,15
DA:59,15
DA:60,15
DA:61,0
DA:62,15
DA:63,15
DA:64,15
DA:65,15
DA:66,15
DA:67,15
DA:68,15
DA:69,15
DA:70,0
DA:71,0
DA:72,0
DA:73,0
DA:74,15
DA:75,15
DA:76,15
DA:77,15
DA:78,15
DA:79,15
DA:80,15
DA:81,15
DA:82,15
DA:83,15
DA:84,15
DA:85,15
DA:86,15
DA:87,15
DA:88,15
DA:89,15
DA:90,15
DA:91,15
DA:92,15
DA:93,15
DA:94,15
DA:95,15
DA:96,15
DA:97,15
DA:98,0
DA:99,0
DA:100,0
DA:101,0
DA:102,15
DA:103,15
DA:104,15
DA:105,15
DA:106,15
DA:107,15
DA:108,15
DA:109,15
DA:110,15
DA:111,105
DA:112,105
DA:113,105
DA:114,105
DA:115,105
DA:116,105
DA:117,105
DA:118,105
DA:119,105
DA:120,105
DA:121,105
DA:122,105
DA:123,105
DA:124,105
DA:125,105
DA:126,105
DA:127,105
DA:128,105
DA:129,105
DA:130,105
DA:131,105
DA:132,105
DA:133,105
DA:134,15
DA:135,15
DA:136,15
DA:137,15
DA:138,15
DA:139,15
DA:140,15
DA:141,15
DA:142,15
DA:143,15
DA:144,15
DA:145,15
DA:146,15
DA:147,15
DA:148,15
DA:149,15
DA:150,15
DA:151,15
DA:152,15
DA:153,15
DA:154,15
DA:155,15
DA:156,15
DA:157,15
DA:158,15
DA:159,15
DA:160,15
DA:161,15
DA:162,15
DA:163,15
DA:164,15
DA:165,15
DA:166,15
DA:167,15
DA:168,15
DA:169,15
DA:170,15
DA:171,15
DA:172,15
DA:173,15
DA:174,15
DA:175,15
DA:176,15
DA:177,15
DA:178,15
DA:179,15
DA:180,15
DA:181,15
DA:182,15
DA:183,0
DA:184,0
DA:185,0
DA:186,0
DA:187,0
DA:188,0
DA:189,15
DA:190,15
DA:191,15
DA:192,15
DA:193,15
DA:194,15
DA:195,15
DA:196,15
DA:197,15
DA:198,15
DA:199,15
DA:200,15
DA:201,15
DA:202,0
DA:203,15
DA:204,15
DA:205,15
DA:206,15
DA:207,15
DA:208,15
DA:209,15
DA:210,15
DA:211,15
DA:212,15
DA:213,15
DA:214,15
DA:215,15
DA:216,15
DA:217,15
DA:218,15
DA:219,15
DA:220,15
DA:221,15
DA:222,15
DA:223,15
DA:224,15
DA:225,15
DA:226,15
DA:227,15
DA:228,15
DA:229,15
DA:230,15
DA:231,0
DA:232,0
DA:233,0
DA:234,0
DA:235,0
DA:236,0
DA:237,0
DA:238,0
DA:239,0
DA:240,0
DA:241,0
DA:242,0
DA:243,0
DA:244,0
DA:245,0
DA:246,0
DA:247,0
DA:248,15
DA:249,15
DA:250,15
DA:251,15
LF:251
LH:218
BRDA:24,0,0,15
BRDA:25,1,0,15
BRDA:26,2,0,15
BRDA:29,3,0,15
BRDA:34,4,0,15
BRDA:60,5,0,0
BRDA:63,6,0,0
BRDA:69,7,0,0
BRDA:78,8,0,0
BRDA:80,9,0,0
BRDA:80,10,0,0
BRDA:95,11,0,0
BRDA:97,12,0,0
BRDA:107,13,0,0
BRDA:139,14,0,0
BRDA:161,15,0,0
BRDA:182,16,0,0
BRDA:196,17,0,0
BRDA:201,18,0,0
BRDA:206,19,0,0
BRDA:224,20,0,0
BRDA:224,21,0,0
BRDA:230,22,0,0
BRDA:44,23,0,15
BRDA:45,24,0,15
BRDA:46,25,0,0
BRDA:46,26,0,0
BRDA:51,27,0,15
BRDA:55,28,0,15
BRDA:57,29,0,1
BRDA:60,30,0,30
BRDA:63,31,0,15
BRDA:110,32,0,105
BRDA:132,33,0,0
BRDA:114,34,0,105
BRDA:122,35,0,15
BRDA:122,36,0,90
BRDA:123,37,0,15
BRDA:123,38,0,90
BRDA:124,39,0,15
BRDA:124,40,0,90
BRF:41
BRH:20
end_of_record
TN:
SF:src\context\AuthContext.jsx
FN:6,AuthProvider
FN:17,login
FN:23,signup
FN:29,logout
FN:34,updateUser
FN:47,useAuth
FNF:6
FNH:6
FNDA:26,AuthProvider
FNDA:3,login
FNDA:2,signup
FNDA:1,logout
FNDA:1,updateUser
FNDA:26,useAuth
DA:1,1
DA:2,1
DA:3,1
DA:4,1
DA:5,1
DA:6,1
DA:7,26
DA:8,26
DA:9,26
DA:10,26
DA:11,26
DA:12,10
DA:13,10
DA:14,10
DA:15,26
DA:16,26
DA:17,26
DA:18,3
DA:19,2
DA:20,2
DA:21,3
DA:22,26
DA:23,26
DA:24,2
DA:25,2
DA:26,2
DA:27,2
DA:28,26
DA:29,26
DA:30,1
DA:31,1
DA:32,1
DA:33,26
DA:34,26
DA:35,1
DA:36,1
DA:37,1
DA:38,1
DA:39,26
DA:40,26
DA:41,26
DA:42,26
DA:43,26
DA:44,26
DA:45,26
DA:46,1
DA:47,1
LF:47
LH:47
BRDA:6,0,0,26
BRDA:11,1,0,10
BRDA:13,2,0,3
BRDA:17,3,0,3
BRDA:18,4,0,2
BRDA:23,5,0,2
BRDA:29,6,0,1
BRDA:34,7,0,1
BRDA:47,8,0,26
BRF:9
BRH:9
end_of_record
TN:
SF:src\pages\ContactPage.jsx
FN:70,FAQItem
FN:75,onClick
FN:121,ContactPage
FN:131,handleSubmit
FN:299,onMouseEnter
FN:303,onMouseLeave
FN:425,onClick
FN:469,onChange
FN:482,onChange
FN:494,onChange
FN:516,onChange
FNF:11
FNH:2
FNDA:12,FAQItem
FNDA:0,onClick
FNDA:2,ContactPage
FNDA:0,handleSubmit
FNDA:0,onMouseEnter
FNDA:0,onMouseLeave
FNDA:0,onClick
FNDA:0,onChange
FNDA:0,onChange
FNDA:0,onChange
FNDA:0,onChange
DA:1,1
DA:2,1
DA:3,1
DA:4,1
DA:5,1
DA:6,1
DA:7,1
DA:8,1
DA:9,1
DA:10,1
DA:11,1
DA:12,1
DA:13,1
DA:14,1
DA:15,1
DA:16,1
DA:17,1
DA:18,1
DA:19,1
DA:20,1
DA:21,1
DA:22,1
DA:23,1
DA:24,1
DA:25,1
DA:26,1
DA:27,1
DA:28,1
DA:29,1
DA:30,1
DA:31,1
DA:32,1
DA:33,1
DA:34,1
DA:35,1
DA:36,1
DA:37,1
DA:38,1
DA:39,1
DA:40,1
DA:41,1
DA:42,1
DA:43,1
DA:44,1
DA:45,1
DA:46,1
DA:47,1
DA:48,1
DA:49,1
DA:50,1
DA:51,1
DA:52,1
DA:53,1
DA:54,1
DA:55,1
DA:56,1
DA:57,1
DA:58,1
DA:59,1
DA:60,1
DA:61,1
DA:62,1
DA:63,1
DA:64,1
DA:65,1
DA:66,1
DA:67,1
DA:68,1
DA:69,1
DA:70,12
DA:71,12
DA:72,12
DA:73,12
DA:74,12
DA:75,12
DA:76,12
DA:77,12
DA:78,12
DA:79,12
DA:80,12
DA:81,12
DA:82,12
DA:83,12
DA:84,12
DA:85,12
DA:86,12
DA:87,12
DA:88,12
DA:89,12
DA:90,12
DA:91,12
DA:92,12
DA:93,12
DA:94,12
DA:95,12
DA:96,12
DA:97,12
DA:98,12
DA:99,12
DA:100,12
DA:101,12
DA:102,12
DA:103,12
DA:104,12
DA:105,0
DA:106,0
DA:107,0
DA:108,0
DA:109,0
DA:110,0
DA:111,0
DA:112,0
DA:113,0
DA:114,0
DA:115,0
DA:116,12
DA:117,12
DA:118,12
DA:119,12
DA:120,1
DA:121,2
DA:122,2
DA:123,2
DA:124,2
DA:125,2
DA:126,2
DA:127,2
DA:128,2
DA:129,2
DA:130,2
DA:131,2
DA:132,0
DA:133,0
DA:134,0
DA:135,0
DA:136,0
DA:137,0
DA:138,0
DA:139,2
DA:140,2
DA:141,2
DA:142,2
DA:143,2
DA:144,2
DA:145,2
DA:146,2
DA:147,2
DA:148,2
DA:149,2
DA:150,2
DA:151,2
DA:152,2
DA:153,2
DA:154,2
DA:155,2
DA:156,2
DA:157,2
DA:158,2
DA:159,2
DA:160,2
DA:161,2
DA:162,2
DA:163,2
DA:164,2
DA:165,2
DA:166,2
DA:167,2
DA:168,2
DA:169,2
DA:170,2
DA:171,2
DA:172,2
DA:173,2
DA:174,2
DA:175,2
DA:176,2
DA:177,2
DA:178,2
DA:179,2
DA:180,2
DA:181,2
DA:182,2
DA:183,2
DA:184,2
DA:185,2
DA:186,2
DA:187,2
DA:188,2
DA:189,2
DA:190,2
DA:191,2
DA:192,2
DA:193,2
DA:194,2
DA:195,2
DA:196,2
DA:197,2
DA:198,2
DA:199,2
DA:200,2
DA:201,2
DA:202,2
DA:203,2
DA:204,2
DA:205,2
DA:206,2
DA:207,2
DA:208,2
DA:209,2
DA:210,2
DA:211,2
DA:212,2
DA:213,2
DA:214,2
DA:215,2
DA:216,2
DA:217,2
DA:218,2
DA:219,2
DA:220,2
DA:221,2
DA:222,2
DA:223,2
DA:224,2
DA:225,2
DA:226,2
DA:227,2
DA:228,2
DA:229,2
DA:230,2
DA:231,2
DA:232,2
DA:233,2
DA:234,2
DA:235,2
DA:236,2
DA:237,2
DA:238,2
DA:239,2
DA:240,2
DA:241,2
DA:242,2
DA:243,2
DA:244,2
DA:245,2
DA:246,2
DA:247,2
DA:248,2
DA:249,2
DA:250,2
DA:251,2
DA:252,2
DA:253,2
DA:254,2
DA:255,2
DA:256,2
DA:257,2
DA:258,2
DA:259,2
DA:260,2
DA:261,2
DA:262,2
DA:263,2
DA:264,2
DA:265,2
DA:266,2
DA:267,2
DA:268,2
DA:269,2
DA:270,2
DA:271,2
DA:272,2
DA:273,2
DA:274,2
DA:275,2
DA:276,2
DA:277,2
DA:278,2
DA:279,2
DA:280,2
DA:281,2
DA:282,2
DA:283,2
DA:284,2
DA:285,2
DA:286,2
DA:287,2
DA:288,2
DA:289,8
DA:290,8
DA:291,8
DA:292,8
DA:293,8
DA:294,8
DA:295,8
DA:296,8
DA:297,8
DA:298,8
DA:299,8
DA:300,0
DA:301,0
DA:302,0
DA:303,8
DA:304,0
DA:305,0
DA:306,0
DA:307,8
DA:308,8
DA:309,8
DA:310,8
DA:311,8
DA:312,8
DA:313,8
DA:314,8
DA:315,8
DA:316,8
DA:317,8
DA:318,8
DA:319,8
DA:320,8
DA:321,8
DA:322,8
DA:323,8
DA:324,8
DA:325,8
DA:326,8
DA:327,8
DA:328,8
DA:329,8
DA:330,8
DA:331,8
DA:332,8
DA:333,8
DA:334,8
DA:335,8
DA:336,8
DA:337,8
DA:338,8
DA:339,8
DA:340,8
DA:341,8
DA:342,8
DA:343,8
DA:344,6
DA:345,6
DA:346,6
DA:347,6
DA:348,6
DA:349,6
DA:350,6
DA:351,6
DA:352,6
DA:353,6
DA:354,6
DA:355,6
DA:356,6
DA:357,6
DA:358,6
DA:359,6
DA:360,2
DA:361,2
DA:362,2
DA:363,2
DA:364,2
DA:365,2
DA:366,2
DA:367,2
DA:368,2
DA:369,2
DA:370,2
DA:371,2
DA:372,2
DA:373,2
DA:374,2
DA:375,8
DA:376,8
DA:377,2
DA:378,2
DA:379,2
DA:380,2
DA:381,2
DA:382,2
DA:383,2
DA:384,2
DA:385,2
DA:386,2
DA:387,2
DA:388,2
DA:389,2
DA:390,2
DA:391,2
DA:392,2
DA:393,2
DA:394,2
DA:395,2
DA:396,2
DA:397,2
DA:398,2
DA:399,2
DA:400,0
DA:401,0
DA:402,0
DA:403,0
DA:404,0
DA:405,0
DA:406,0
DA:407,0
DA:408,0
DA:409,0
DA:410,0
DA:411,0
DA:412,0
DA:413,0
DA:414,0
DA:415,0
DA:416,0
DA:417,0
DA:418,0
DA:419,0
DA:420,0
DA:421,0
DA:422,0
DA:423,0
DA:424,0
DA:425,0
DA:426,0
DA:427,0
DA:428,0
DA:429,0
DA:430,0
DA:431,0
DA:432,0
DA:433,0
DA:434,0
DA:435,0
DA:436,0
DA:437,0
DA:438,0
DA:439,0
DA:440,0
DA:441,0
DA:442,0
DA:443,2
DA:444,2
DA:445,2
DA:446,2
DA:447,2
DA:448,2
DA:449,2
DA:450,2
DA:451,2
DA:452,2
DA:453,2
DA:454,2
DA:455,2
DA:456,2
DA:457,2
DA:458,2
DA:459,2
DA:460,2
DA:461,2
DA:462,2
DA:463,2
DA:464,2
DA:465,2
DA:466,2
DA:467,2
DA:468,2
DA:469,2
DA:470,0
DA:471,2
DA:472,2
DA:473,2
DA:474,2
DA:475,2
DA:476,2
DA:477,2
DA:478,2
DA:479,2
DA:480,2
DA:481,2
DA:482,2
DA:483,0
DA:484,2
DA:485,2
DA:486,2
DA:487,2
DA:488,2
DA:489,2
DA:490,2
DA:491,2
DA:492,2
DA:493,2
DA:494,2
DA:495,0
DA:496,2
DA:497,2
DA:498,2
DA:499,2
DA:500,2
DA:501,2
DA:502,2
DA:503,2
DA:504,2
DA:505,2
DA:506,2
DA:507,2
DA:508,2
DA:509,2
DA:510,2
DA:511,2
DA:512,2
DA:513,2
DA:514,2
DA:515,2
DA:516,2
DA:517,0
DA:518,2
DA:519,2
DA:520,2
DA:521,2
DA:522,2
DA:523,2
DA:524,2
DA:525,2
DA:526,2
DA:527,2
DA:528,2
DA:529,2
DA:530,2
DA:531,2
DA:532,2
DA:533,2
DA:534,2
DA:535,2
DA:536,2
DA:537,2
DA:538,2
DA:539,2
DA:540,2
DA:541,2
DA:542,2
DA:543,2
DA:544,2
DA:545,2
DA:546,2
DA:547,2
DA:548,2
DA:549,2
DA:550,2
DA:551,2
DA:552,2
DA:553,2
DA:554,2
DA:555,2
DA:556,2
DA:557,2
DA:558,2
DA:559,2
DA:560,2
DA:561,2
DA:562,2
DA:563,2
DA:564,2
DA:565,12
DA:566,2
DA:567,2
DA:568,2
DA:569,2
DA:570,2
DA:571,2
DA:572,2
DA:573,2
DA:574,2
DA:575,2
DA:576,2
DA:577,2
DA:578,2
DA:579,2
DA:580,2
DA:581,2
DA:582,2
DA:583,2
DA:584,2
DA:585,2
DA:586,2
DA:587,2
DA:588,2
DA:589,2
DA:590,2
DA:591,2
DA:592,2
DA:593,2
DA:594,2
DA:595,2
DA:596,2
DA:597,2
DA:598,2
DA:599,2
DA:600,2
DA:601,8
DA:602,8
DA:603,8
DA:604,8
DA:605,8
DA:606,8
DA:607,8
DA:608,8
DA:609,8
DA:610,8
DA:611,8
DA:612,8
DA:613,8
DA:614,8
DA:615,8
DA:616,8
DA:617,8
DA:618,8
DA:619,8
DA:620,8
DA:621,8
DA:622,8
DA:623,8
DA:624,8
DA:625,8
DA:626,8
DA:627,2
DA:628,2
DA:629,2
DA:630,2
DA:631,2
DA:632,2
DA:633,2
DA:634,2
DA:635,2
DA:636,2
DA:637,2
DA:638,2
DA:639,2
DA:640,2
DA:641,2
DA:642,2
DA:643,2
DA:644,2
DA:645,2
DA:646,2
DA:647,2
DA:648,2
DA:649,2
DA:650,2
DA:651,2
DA:652,2
DA:653,2
DA:654,2
DA:655,2
DA:656,2
DA:657,2
LF:657
LH:586
BRDA:70,0,0,12
BRDA:98,1,0,0
BRDA:104,2,0,0
BRDA:121,3,0,2
BRDA:399,4,0,0
BRDA:534,5,0,0
BRDA:288,6,0,8
BRDA:343,7,0,6
BRDA:346,8,0,2
BRDA:346,9,0,4
BRDA:359,10,0,2
BRDA:564,11,0,12
BRDA:600,12,0,8
BRF:13
BRH:9
end_of_record
TN:
SF:src\pages\LandingPage.jsx
FN:44,LandingPage
FN:49,onScroll
FN:77,onMouseEnter
FN:78,onMouseLeave
FN:83,onMouseEnter
FN:84,onMouseLeave
FN:96,onClick
FN:111,onClick
FN:116,onClick
FN:121,onClick
FN:125,onClick
FN:305,onMouseEnter
FN:306,onMouseLeave
FN:330,onMouseEnter
FN:331,onMouseLeave
FN:384,onMouseEnter
FN:384,onMouseLeave
FNF:17
FNH:2
FNDA:23,LandingPage
FNDA:0,onScroll
FNDA:0,onMouseEnter
FNDA:0,onMouseLeave
FNDA:0,onMouseEnter
FNDA:0,onMouseLeave
FNDA:1,onClick
FNDA:0,onClick
FNDA:0,onClick
FNDA:0,onClick
FNDA:0,onClick
FNDA:0,onMouseEnter
FNDA:0,onMouseLeave
FNDA:0,onMouseEnter
FNDA:0,onMouseLeave
FNDA:0,onMouseEnter
FNDA:0,onMouseLeave
DA:1,1
DA:2,1
DA:3,1
DA:4,1
DA:5,1
DA:6,1
DA:7,1
DA:8,1
DA:9,1
DA:10,1
DA:11,1
DA:12,1
DA:13,1
DA:14,1
DA:15,1
DA:16,1
DA:17,1
DA:18,1
DA:19,1
DA:20,1
DA:21,1
DA:22,1
DA:23,1
DA:24,1
DA:25,1
DA:26,1
DA:27,1
DA:28,1
DA:29,1
DA:30,1
DA:31,1
DA:32,1
DA:33,1
DA:34,1
DA:35,1
DA:36,1
DA:37,1
DA:38,1
DA:39,1
DA:40,1
DA:41,1
DA:42,1
DA:43,1
DA:44,23
DA:45,23
DA:46,23
DA:47,23
DA:48,23
DA:49,22
DA:50,22
DA:51,22
DA:52,23
DA:53,23
DA:54,23
DA:55,23
DA:56,23
DA:57,23
DA:58,23
DA:59,23
DA:60,23
DA:61,23
DA:62,23
DA:63,23
DA:64,23
DA:65,23
DA:66,23
DA:67,23
DA:68,23
DA:69,23
DA:70,23
DA:71,23
DA:72,23
DA:73,23
DA:74,23
DA:75,69
DA:76,69
DA:77,69
DA:78,69
DA:79,69
DA:80,23
DA:81,23
DA:82,23
DA:83,23
DA:84,23
DA:85,23
DA:86,23
DA:87,23
DA:88,23
DA:89,23
DA:90,23
DA:91,23
DA:92,23
DA:93,23
DA:94,23
DA:95,23
DA:96,23
DA:97,23
DA:98,23
DA:99,23
DA:100,23
DA:101,23
DA:102,23
DA:103,23
DA:104,23
DA:105,1
DA:106,1
DA:107,1
DA:108,1
DA:109,1
DA:110,1
DA:111,3
DA:112,3
DA:113,3
DA:114,3
DA:115,1
DA:116,1
DA:117,1
DA:118,1
DA:119,1
DA:120,1
DA:121,1
DA:122,1
DA:123,1
DA:124,1
DA:125,1
DA:126,1
DA:127,1
DA:128,1
DA:129,1
DA:130,1
DA:131,1
DA:132,23
DA:133,23
DA:134,23
DA:135,23
DA:136,23
DA:137,23
DA:138,23
DA:139,23
DA:140,23
DA:141,23
DA:142,23
DA:143,23
DA:144,23
DA:145,69
DA:146,23
DA:147,23
DA:148,23
DA:149,23
DA:150,23
DA:151,23
DA:152,23
DA:153,23
DA:154,23
DA:155,23
DA:156,23
DA:157,23
DA:158,23
DA:159,23
DA:160,23
DA:161,23
DA:162,23
DA:163,23
DA:164,23
DA:165,23
DA:166,23
DA:167,23
DA:168,23
DA:169,23
DA:170,23
DA:171,23
DA:172,23
DA:173,69
DA:174,69
DA:175,69
DA:176,69
DA:177,23
DA:178,23
DA:179,23
DA:180,23
DA:181,23
DA:182,23
DA:183,23
DA:184,23
DA:185,23
DA:186,23
DA:187,23
DA:188,23
DA:189,23
DA:190,23
DA:191,23
DA:192,69
DA:193,69
DA:194,69
DA:195,69
DA:196,23
DA:197,23
DA:198,23
DA:199,23
DA:200,23
DA:201,23
DA:202,23
DA:203,23
DA:204,69
DA:205,69
DA:206,69
DA:207,69
DA:208,69
DA:209,69
DA:210,69
DA:211,69
DA:212,69
DA:213,69
DA:214,23
DA:215,23
DA:216,23
DA:217,23
DA:218,23
DA:219,23
DA:220,23
DA:221,23
DA:222,23
DA:223,23
DA:224,23
DA:225,23
DA:226,23
DA:227,23
DA:228,92
DA:229,92
DA:230,92
DA:231,92
DA:232,23
DA:233,23
DA:234,23
DA:235,23
DA:236,23
DA:237,23
DA:238,23
DA:239,23
DA:240,23
DA:241,23
DA:242,23
DA:243,23
DA:244,23
DA:245,23
DA:246,23
DA:247,23
DA:248,23
DA:249,23
DA:250,23
DA:251,23
DA:252,23
DA:253,23
DA:254,23
DA:255,23
DA:256,23
DA:257,23
DA:258,23
DA:259,23
DA:260,23
DA:261,23
DA:262,23
DA:263,23
DA:264,23
DA:265,23
DA:266,23
DA:267,23
DA:268,23
DA:269,23
DA:270,23
DA:271,23
DA:272,23
DA:273,23
DA:274,23
DA:275,23
DA:276,23
DA:277,23
DA:278,23
DA:279,23
DA:280,23
DA:281,23
DA:282,23
DA:283,138
DA:284,138
DA:285,138
DA:286,138
DA:287,138
DA:288,138
DA:289,138
DA:290,23
DA:291,23
DA:292,23
DA:293,23
DA:294,23
DA:295,23
DA:296,23
DA:297,23
DA:298,23
DA:299,23
DA:300,23
DA:301,138
DA:302,138
DA:303,138
DA:304,138
DA:305,138
DA:306,138
DA:307,138
DA:308,138
DA:309,138
DA:310,138
DA:311,138
DA:312,23
DA:313,23
DA:314,23
DA:315,23
DA:316,23
DA:317,23
DA:318,23
DA:319,23
DA:320,23
DA:321,23
DA:322,23
DA:323,23
DA:324,23
DA:325,23
DA:326,23
DA:327,23
DA:328,23
DA:329,138
DA:330,138
DA:331,138
DA:332,138
DA:333,138
DA:334,138
DA:335,138
DA:336,138
DA:337,23
DA:338,23
DA:339,23
DA:340,23
DA:341,23
DA:342,23
DA:343,23
DA:344,23
DA:345,23
DA:346,23
DA:347,23
DA:348,23
DA:349,23
DA:350,23
DA:351,69
DA:352,69
DA:353,46
DA:354,69
DA:355,69
DA:356,69
DA:357,69
DA:358,69
DA:359,23
DA:360,23
DA:361,23
DA:362,23
DA:363,23
DA:364,23
DA:365,23
DA:366,23
DA:367,23
DA:368,23
DA:369,23
DA:370,23
DA:371,23
DA:372,23
DA:373,23
DA:374,23
DA:375,23
DA:376,23
DA:377,23
DA:378,23
DA:379,23
DA:380,23
DA:381,23
DA:382,23
DA:383,69
DA:384,69
DA:385,23
DA:386,23
DA:387,23
DA:388,23
DA:389,23
DA:390,23
DA:391,23
DA:392,23
DA:393,23
LF:393
LH:393
BRDA:44,0,0,23
BRDA:60,1,0,1
BRDA:60,2,0,22
BRDA:61,3,0,1
BRDA:61,4,0,22
BRDA:62,5,0,1
BRDA:62,6,0,22
BRDA:99,7,0,1
BRDA:99,8,0,22
BRDA:104,9,0,1
BRDA:48,10,0,22
BRDA:51,11,0,22
BRDA:74,12,0,69
BRDA:96,13,0,1
BRDA:96,14,0,1
BRDA:110,15,0,3
BRDA:144,16,0,69
BRDA:172,17,0,69
BRDA:191,18,0,69
BRDA:203,19,0,69
BRDA:227,20,0,92
BRDA:282,21,0,138
BRDA:286,22,0,92
BRDA:286,23,0,46
BRDA:287,24,0,46
BRDA:287,25,0,92
BRDA:300,26,0,138
BRDA:328,27,0,138
BRDA:350,28,0,69
BRDA:352,29,0,46
BRDA:382,30,0,69
BRF:31
BRH:31
end_of_record
TN:
SF:src\pages\LoginPage.jsx
FN:5,LoginPage
FN:12,handleSubmit
FN:49,onChange
FN:61,onChange
FNF:4
FNH:4
FNDA:127,LoginPage
FNDA:5,handleSubmit
FNDA:70,onChange
FNDA:34,onChange
DA:1,1
DA:2,1
DA:3,1
DA:4,1
DA:5,127
DA:6,127
DA:7,127
DA:8,127
DA:9,127
DA:10,127
DA:11,127
DA:12,127
DA:13,5
DA:14,5
DA:15,5
DA:16,5
DA:17,5
DA:18,2
DA:19,2
DA:20,2
DA:21,5
DA:22,4
DA:23,4
DA:24,5
DA:25,127
DA:26,127
DA:27,127
DA:28,127
DA:29,127
DA:30,127
DA:31,127
DA:32,127
DA:33,127
DA:34,127
DA:35,127
DA:36,127
DA:37,127
DA:38,127
DA:39,127
DA:40,127
DA:41,127
DA:42,127
DA:43,127
DA:44,127
DA:45,127
DA:46,127
DA:47,127
DA:48,127
DA:49,127
DA:50,127
DA:51,127
DA:52,127
DA:53,127
DA:54,127
DA:55,127
DA:56,127
DA:57,127
DA:58,127
DA:59,127
DA:60,127
DA:61,127
DA:62,127
DA:63,127
DA:64,127
DA:65,127
DA:66,127
DA:67,127
DA:68,127
DA:69,127
DA:70,127
DA:71,127
DA:72,127
DA:73,127
DA:74,127
DA:75,127
DA:76,127
DA:77,127
DA:78,127
DA:79,127
DA:80,127
DA:81,127
DA:82,127
DA:83,127
DA:84,127
LF:84
LH:84
BRDA:5,0,0,127
BRDA:39,1,0,2
BRDA:70,2,0,5
BRDA:70,3,0,122
BRDA:72,4,0,5
BRDA:72,5,0,122
BRDA:12,6,0,5
BRDA:17,7,0,2
BRDA:21,8,0,4
BRDA:49,9,0,70
BRDA:49,10,0,70
BRDA:61,11,0,34
BRDA:61,12,0,34
BRF:13
BRH:13
end_of_record
TN:
SF:src\pages\SignupPage.jsx
FN:5,SignupPage
FN:12,handleSubmit
FN:58,onChange
FNF:3
FNH:3
FNDA:311,SignupPage
FNDA:7,handleSubmit
FNDA:289,onChange
DA:1,1
DA:2,1
DA:3,1
DA:4,1
DA:5,311
DA:6,311
DA:7,311
DA:8,311
DA:9,311
DA:10,311
DA:11,311
DA:12,311
DA:13,7
DA:14,7
DA:15,7
DA:16,7
DA:17,5
DA:18,5
DA:19,5
DA:20,2
DA:21,2
DA:22,2
DA:23,7
DA:24,4
DA:25,4
DA:26,7
DA:27,311
DA:28,311
DA:29,311
DA:30,311
DA:31,311
DA:32,311
DA:33,311
DA:34,311
DA:35,311
DA:36,311
DA:37,311
DA:38,311
DA:39,311
DA:40,311
DA:41,311
DA:42,311
DA:43,311
DA:44,311
DA:45,311
DA:46,311
DA:47,311
DA:48,311
DA:49,311
DA:50,311
DA:51,1244
DA:52,1244
DA:53,1244
DA:54,1244
DA:55,1244
DA:56,1244
DA:57,1244
DA:58,1244
DA:59,1244
DA:60,1244
DA:61,1244
DA:62,1244
DA:63,311
DA:64,311
DA:65,311
DA:66,311
DA:67,311
DA:68,311
DA:69,311
DA:70,311
DA:71,311
DA:72,311
DA:73,311
DA:74,311
DA:75,311
DA:76,311
DA:77,311
DA:78,311
DA:79,311
DA:80,311
DA:81,311
DA:82,311
LF:82
LH:82
BRDA:5,0,0,311
BRDA:47,1,0,4
BRDA:68,2,0,5
BRDA:68,3,0,306
BRDA:70,4,0,5
BRDA:70,5,0,306
BRDA:12,6,0,7
BRDA:15,7,0,1
BRDA:15,8,0,6
BRDA:16,9,0,1
BRDA:16,10,0,5
BRDA:19,11,0,2
BRDA:23,12,0,4
BRDA:50,13,0,1244
BRDA:58,14,0,289
BRDA:58,15,0,289
BRF:16
BRH:16
end_of_record
TN:
SF:src\services\api.js
FN:25,api.interceptors.response.use.message
FN:35,saveSession
FN:40,clearSession
FN:45,getStoredUser
FN:52,getToken
FNF:5
FNH:5
FNDA:1,api.interceptors.response.use.message
FNDA:2,saveSession
FNDA:2,clearSession
FNDA:3,getStoredUser
FNDA:2,getToken
DA:1,1
DA:2,1
DA:3,1
DA:4,1
DA:5,1
DA:6,1
DA:7,1
DA:8,1
DA:9,1
DA:10,1
DA:11,1
DA:12,1
DA:13,1
DA:14,1
DA:15,1
DA:16,1
DA:17,1
DA:18,2
DA:19,2
DA:20,2
DA:21,1
DA:22,1
DA:23,1
DA:24,1
DA:25,1
DA:26,1
DA:27,3
DA:28,3
DA:29,3
DA:30,1
DA:31,1
DA:32,1
DA:33,1
DA:34,1
DA:35,1
DA:36,2
DA:37,2
DA:38,2
DA:39,1
DA:40,1
DA:41,2
DA:42,2
DA:43,2
DA:44,1
DA:45,1
DA:46,3
DA:47,3
DA:48,3
DA:49,3
DA:50,3
DA:51,1
DA:52,1
LF:52
LH:52
BRDA:17,0,0,2
BRDA:19,1,0,1
BRDA:25,2,0,1
BRDA:26,3,0,3
BRDA:27,4,0,1
BRDA:27,5,0,2
BRDA:27,6,0,1
BRDA:35,7,0,2
BRDA:40,8,0,2
BRDA:45,9,0,3
BRDA:48,10,0,2
BRDA:48,11,0,1
BRDA:49,12,0,1
BRDA:52,13,0,2
BRF:14
BRH:14
end_of_record
