TN:
SF:src\context\AuthContext.js
FN:6,AuthProvider
FN:12,(anonymous_1)
FN:13,(anonymous_2)
FN:26,(anonymous_3)
FN:33,(anonymous_4)
FN:40,(anonymous_5)
FN:46,(anonymous_6)
FN:57,(anonymous_7)
FNF:8
FNH:8
FNDA:30,AuthProvider
FNDA:12,(anonymous_1)
FNDA:12,(anonymous_2)
FNDA:3,(anonymous_3)
FNDA:1,(anonymous_4)
FNDA:2,(anonymous_5)
FNDA:1,(anonymous_6)
FNDA:31,(anonymous_7)
DA:4,1
DA:7,30
DA:8,30
DA:9,30
DA:12,30
DA:13,12
DA:14,12
DA:15,12
DA:16,12
DA:17,12
DA:18,3
DA:19,3
DA:22,12
DA:26,30
DA:27,3
DA:28,2
DA:29,2
DA:30,2
DA:33,30
DA:34,1
DA:35,1
DA:36,1
DA:37,1
DA:40,30
DA:41,2
DA:42,2
DA:43,2
DA:46,30
DA:47,1
DA:50,30
DA:57,1
DA:58,31
DA:59,31
DA:60,29
LF:34
LH:34
BRDA:17,0,0,3
BRDA:17,0,1,9
BRDA:17,1,0,12
BRDA:17,1,1,4
BRDA:59,2,0,2
BRDA:59,2,1,29
BRF:6
BRH:6
end_of_record
TN:
SF:src\services\api.js
FN:15,(anonymous_0)
FN:23,(anonymous_1)
FN:24,(anonymous_2)
FNF:3
FNH:3
FNDA:2,(anonymous_0)
FNDA:1,(anonymous_1)
FNDA:3,(anonymous_2)
DA:6,1
DA:8,1
DA:15,1
DA:16,2
DA:17,2
DA:18,2
DA:22,1
DA:23,1
DA:25,3
DA:26,3
LF:10
LH:10
BRDA:17,0,0,1
BRDA:17,0,1,1
BRDA:25,1,0,3
BRDA:25,1,1,2
BRDA:25,1,2,1
BRF:5
BRH:5
end_of_record
TN:
SF:src\services\authService.js
FN:8,(anonymous_0)
FN:15,(anonymous_1)
FN:22,(anonymous_2)
FN:26,(anonymous_3)
FN:31,(anonymous_4)
FN:35,(anonymous_5)
FN:40,(anonymous_6)
FN:44,(anonymous_7)
FNF:8
FNH:6
FNDA:5,(anonymous_0)
FNDA:3,(anonymous_1)
FNDA:1,(anonymous_2)
FNDA:2,(anonymous_3)
FNDA:2,(anonymous_4)
FNDA:2,(anonymous_5)
FNDA:0,(anonymous_6)
FNDA:0,(anonymous_7)
DA:4,1
DA:5,1
DA:7,1
DA:9,5
DA:10,4
DA:11,4
DA:12,4
DA:16,3
DA:17,2
DA:18,2
DA:19,2
DA:23,1
DA:27,2
DA:28,2
DA:32,2
DA:36,2
DA:37,2
DA:41,0
DA:45,0
LF:19
LH:17
BRDA:28,0,0,1
BRDA:28,0,1,1
BRF:2
BRH:2
end_of_record
TN:
SF:src\services\dashboardService.js
FN:4,(anonymous_0)
FNF:1
FNH:1
FNDA:3,(anonymous_0)
DA:3,1
DA:5,3
LF:2
LH:2
BRF:0
BRH:0
end_of_record
TN:
SF:src\services\goalService.js
FN:4,(anonymous_0)
FN:5,(anonymous_1)
FN:6,(anonymous_2)
FN:7,(anonymous_3)
FN:8,(anonymous_4)
FNF:5
FNH:5
FNDA:2,(anonymous_0)
FNDA:2,(anonymous_1)
FNDA:1,(anonymous_2)
FNDA:1,(anonymous_3)
FNDA:3,(anonymous_4)
DA:3,1
DA:4,2
DA:5,2
DA:6,1
DA:7,1
DA:8,3
LF:6
LH:6
BRF:0
BRH:0
end_of_record
TN:
SF:src\services\portfolioService.js
FN:4,(anonymous_0)
FN:5,(anonymous_1)
FN:6,(anonymous_2)
FN:7,(anonymous_3)
FNF:4
FNH:4
FNDA:2,(anonymous_0)
FNDA:1,(anonymous_1)
FNDA:1,(anonymous_2)
FNDA:1,(anonymous_3)
DA:3,1
DA:4,2
DA:5,1
DA:6,1
DA:7,1
LF:5
LH:5
BRF:0
BRH:0
end_of_record
TN:
SF:src\services\savingsTrackerService.js
FN:4,(anonymous_0)
FN:5,(anonymous_1)
FN:6,(anonymous_2)
FN:7,(anonymous_3)
FNF:4
FNH:4
FNDA:2,(anonymous_0)
FNDA:1,(anonymous_1)
FNDA:2,(anonymous_2)
FNDA:2,(anonymous_3)
DA:3,1
DA:4,2
DA:5,1
DA:6,2
DA:7,2
LF:5
LH:5
BRF:0
BRH:0
end_of_record
TN:
SF:src\services\transactionService.js
FN:4,(anonymous_0)
FN:8,(anonymous_1)
FNF:2
FNH:2
FNDA:3,(anonymous_0)
FNDA:2,(anonymous_1)
DA:3,1
DA:5,3
DA:10,2
LF:3
LH:3
BRDA:4,0,0,2
BRF:1
BRH:1
end_of_record
TN:
SF:src\services\walletService.js
FN:4,(anonymous_0)
FN:5,(anonymous_1)
FN:6,(anonymous_2)
FN:7,(anonymous_3)
FN:8,(anonymous_4)
FN:9,(anonymous_5)
FNF:6
FNH:6
FNDA:2,(anonymous_0)
FNDA:1,(anonymous_1)
FNDA:1,(anonymous_2)
FNDA:1,(anonymous_3)
FNDA:2,(anonymous_4)
FNDA:1,(anonymous_5)
DA:3,1
DA:4,2
DA:5,1
DA:6,1
DA:7,1
DA:8,2
DA:9,1
LF:7
LH:7
BRF:0
BRH:0
end_of_record
